<?xml version="1.0" encoding="UTF-8"?>
<!-- Generated by org.testng.reporters.JUnitXMLReporter -->
<testsuite ignored="0" hostname="XCHNLQC1358" failures="0" tests="4" name="Default test" time="12.063" errors="0" timestamp="2024-11-11T21:37:48 IST">
  <testcase classname="testngprace.NewTest" name="openapp" time="6.198"/>
  <testcase classname="testngprace.NewTest" name="login" time="1.905"/>
  <testcase classname="testngprace.NewTest" name="gettest" time="1.516"/>
  <testcase classname="testngprace.NewTest" name="logout" time="2.341"/>
</testsuite> <!-- Default test -->
