<?xml version="1.0" encoding="UTF-8"?>
<!-- Generated by org.testng.reporters.JUnitXMLReporter -->
<testsuite ignored="0" hostname="XCHNLQC1358" failures="0" tests="4" name="Test" time="12.031" errors="0" timestamp="2024-11-11T21:42:11 IST">
  <testcase classname="testngprace.NewTest" name="openapp" time="6.153"/>
  <testcase classname="testngprace.NewTest" name="login" time="1.955"/>
  <testcase classname="testngprace.NewTest" name="gettest" time="1.528"/>
  <testcase classname="testngprace.NewTest" name="logout" time="2.289"/>
</testsuite> <!-- Test -->
