<?xml version="1.0" encoding="UTF-8"?>
<testng-results ignored="0" total="4" passed="4" failed="0" skipped="0">
  <reporter-output>
  </reporter-output>
  <suite started-at="2024-11-11T21:41:59 IST" name="Suite" finished-at="2024-11-11T21:42:11 IST" duration-ms="12031">
    <groups>
    </groups>
    <test started-at="2024-11-11T21:41:59 IST" name="Test" finished-at="2024-11-11T21:42:11 IST" duration-ms="12031">
      <class name="testngprace.NewTest">
        <test-method signature="openapp()[pri:0, instance:testngprace.NewTest@5149d738]" started-at="2024-11-11T21:41:59 IST" name="openapp" finished-at="2024-11-11T21:42:05 IST" duration-ms="6153" status="PASS">
          <reporter-output>
          </reporter-output>
        </test-method> <!-- openapp -->
        <test-method signature="login()[pri:2, instance:testngprace.NewTest@5149d738]" started-at="2024-11-11T21:42:05 IST" name="login" finished-at="2024-11-11T21:42:07 IST" duration-ms="1955" status="PASS">
          <reporter-output>
          </reporter-output>
        </test-method> <!-- login -->
        <test-method signature="gettest()[pri:3, instance:testngprace.NewTest@5149d738]" started-at="2024-11-11T21:42:07 IST" name="gettest" finished-at="2024-11-11T21:42:09 IST" duration-ms="1528" status="PASS">
          <reporter-output>
          </reporter-output>
        </test-method> <!-- gettest -->
        <test-method signature="logout()[pri:4, instance:testngprace.NewTest@5149d738]" started-at="2024-11-11T21:42:09 IST" name="logout" finished-at="2024-11-11T21:42:11 IST" duration-ms="2289" status="PASS">
          <reporter-output>
          </reporter-output>
        </test-method> <!-- logout -->
      </class> <!-- testngprace.NewTest -->
    </test> <!-- Test -->
  </suite> <!-- Suite -->
</testng-results>
